<?xml version="1.0" encoding="UTF-8"?>
<!-- Generated by org.testng.reporters.JUnitReportReporter -->
<testsuite hostname="LAPTOP-5SRIR82U" failures="0" tests="1" name="testCases.TC001_AccountRegistrationTest" time="2.404" errors="0" timestamp="2024-10-15T14:48:30 IST" skipped="0">
  <testcase classname="testCases.TC001_AccountRegistrationTest" name="verify_account_registration" time="2.404"/>
</testsuite> <!-- testCases.TC001_AccountRegistrationTest -->
