<?xml version="1.0" encoding="UTF-8"?>
<!-- Generated by org.testng.reporters.JUnitReportReporter -->
<testsuite hostname="LAPTOP-5SRIR82U" failures="0" tests="1" name="testCases.TC001_AccountRegistrationTest" time="1.873" errors="0" timestamp="2024-10-15T15:26:12 IST" skipped="0">
  <testcase classname="testCases.TC001_AccountRegistrationTest" name="verify_account_registration" time="1.873"/>
</testsuite> <!-- testCases.TC001_AccountRegistrationTest -->
